<?xml version="1.0" encoding="UTF-8"?>
<testng-results skipped="4" failed="0" total="4" passed="0">
  <reporter-output>
  </reporter-output>
  <suite name="Default suite" duration-ms="22501" started-at="2014-08-06T16:06:42Z" finished-at="2014-08-06T16:07:04Z">
    <groups>
    </groups>
    <test name="Default test" duration-ms="22501" started-at="2014-08-06T16:06:42Z" finished-at="2014-08-06T16:07:04Z">
      <class name="com.test.methods.TestMethod">
        <test-method status="FAIL" signature="setUp()[pri:0, instance:com.test.methods.TestMethod@16c0663d]" name="setUp" is-config="true" duration-ms="0" started-at="2014-08-06T21:36:42Z" finished-at="2014-08-06T21:36:42Z">
          <exception class="org.openqa.selenium.remote.UnreachableBrowserException">
            <message>
              <![CDATA[Could not start a new session. Possible causes are invalid address of the remote server or browser start-up failure.
Build info: version: '2.41.0', revision: '3192d8a', time: '2014-03-27 17:18:15'
System info: host: 'jmuhammed-PC', ip: '10.5.50.221', os.name: 'Windows 7', os.arch: 'amd64', os.version: '6.1', java.version: '1.8.0_05'
Driver info: driver.version: RemoteWebDriver]]>
            </message>
            <full-stacktrace>
              <![CDATA[org.openqa.selenium.remote.UnreachableBrowserException: Could not start a new session. Possible causes are invalid address of the remote server or browser start-up failure.
Build info: version: '2.41.0', revision: '3192d8a', time: '2014-03-27 17:18:15'
System info: host: 'jmuhammed-PC', ip: '10.5.50.221', os.name: 'Windows 7', os.arch: 'amd64', os.version: '6.1', java.version: '1.8.0_05'
Driver info: driver.version: RemoteWebDriver
	at org.openqa.selenium.remote.RemoteWebDriver.execute(RemoteWebDriver.java:589)
	at org.openqa.selenium.remote.RemoteWebDriver.startSession(RemoteWebDriver.java:240)
	at org.openqa.selenium.remote.RemoteWebDriver.<init>(RemoteWebDriver.java:126)
	at org.openqa.selenium.remote.RemoteWebDriver.<init>(RemoteWebDriver.java:153)
	at com.test.methods.TestConfigure.setUp(TestConfigure.java:66)
	at sun.reflect.NativeMethodAccessorImpl.invoke0(Native Method)
	at sun.reflect.NativeMethodAccessorImpl.invoke(NativeMethodAccessorImpl.java:62)
	at sun.reflect.DelegatingMethodAccessorImpl.invoke(DelegatingMethodAccessorImpl.java:43)
	at java.lang.reflect.Method.invoke(Method.java:483)
	at org.testng.internal.MethodInvocationHelper.invokeMethod(MethodInvocationHelper.java:84)
	at org.testng.internal.Invoker.invokeConfigurationMethod(Invoker.java:564)
	at org.testng.internal.Invoker.invokeConfigurations(Invoker.java:213)
	at org.testng.internal.Invoker.invokeMethod(Invoker.java:653)
	at org.testng.internal.Invoker.invokeTestMethod(Invoker.java:901)
	at org.testng.internal.Invoker.invokeTestMethods(Invoker.java:1231)
	at org.testng.internal.TestMethodWorker.invokeTestMethods(TestMethodWorker.java:127)
	at org.testng.internal.TestMethodWorker.run(TestMethodWorker.java:111)
	at org.testng.TestRunner.privateRun(TestRunner.java:767)
	at org.testng.TestRunner.run(TestRunner.java:617)
	at org.testng.SuiteRunner.runTest(SuiteRunner.java:334)
	at org.testng.SuiteRunner.runSequentially(SuiteRunner.java:329)
	at org.testng.SuiteRunner.privateRun(SuiteRunner.java:291)
	at org.testng.SuiteRunner.run(SuiteRunner.java:240)
	at org.testng.SuiteRunnerWorker.runSuite(SuiteRunnerWorker.java:52)
	at org.testng.SuiteRunnerWorker.run(SuiteRunnerWorker.java:86)
	at org.testng.TestNG.runSuitesSequentially(TestNG.java:1224)
	at org.testng.TestNG.runSuitesLocally(TestNG.java:1149)
	at org.testng.TestNG.run(TestNG.java:1057)
	at org.testng.remote.RemoteTestNG.run(RemoteTestNG.java:111)
	at org.testng.remote.RemoteTestNG.initAndRun(RemoteTestNG.java:204)
	at org.testng.remote.RemoteTestNG.main(RemoteTestNG.java:175)
Caused by: java.net.ConnectException: Connection timed out: connect
	at java.net.DualStackPlainSocketImpl.waitForConnect(Native Method)
	at java.net.DualStackPlainSocketImpl.socketConnect(DualStackPlainSocketImpl.java:85)
	at java.net.AbstractPlainSocketImpl.doConnect(AbstractPlainSocketImpl.java:345)
	at java.net.AbstractPlainSocketImpl.connectToAddress(AbstractPlainSocketImpl.java:206)
	at java.net.AbstractPlainSocketImpl.connect(AbstractPlainSocketImpl.java:188)
	at java.net.PlainSocketImpl.connect(PlainSocketImpl.java:172)
	at java.net.SocksSocketImpl.connect(SocksSocketImpl.java:392)
	at java.net.Socket.connect(Socket.java:589)
	at org.apache.http.conn.scheme.PlainSocketFactory.connectSocket(PlainSocketFactory.java:117)
	at org.apache.http.impl.conn.DefaultClientConnectionOperator.openConnection(DefaultClientConnectionOperator.java:178)
	at org.apache.http.impl.conn.AbstractPoolEntry.open(AbstractPoolEntry.java:144)
	at org.apache.http.impl.conn.AbstractPooledConnAdapter.open(AbstractPooledConnAdapter.java:131)
	at org.apache.http.impl.client.DefaultRequestDirector.tryConnect(DefaultRequestDirector.java:610)
	at org.apache.http.impl.client.DefaultRequestDirector.execute(DefaultRequestDirector.java:445)
	at org.apache.http.impl.client.AbstractHttpClient.doExecute(AbstractHttpClient.java:863)
	at org.apache.http.impl.client.CloseableHttpClient.execute(CloseableHttpClient.java:72)
	at org.apache.http.impl.client.CloseableHttpClient.execute(CloseableHttpClient.java:57)
	at org.openqa.selenium.remote.HttpCommandExecutor.fallBackExecute(HttpCommandExecutor.java:322)
	at org.openqa.selenium.remote.HttpCommandExecutor.execute(HttpCommandExecutor.java:301)
	at org.openqa.selenium.remote.RemoteWebDriver.execute(RemoteWebDriver.java:568)
	... 30 more
]]>
            </full-stacktrace>
          </exception> <!-- org.openqa.selenium.remote.UnreachableBrowserException -->
          <reporter-output>
          </reporter-output>
        </test-method> <!-- setUp -->
        <test-method status="SKIP" signature="testLogOut()[pri:0, instance:com.test.methods.TestMethod@16c0663d]" name="testLogOut" duration-ms="2" started-at="2014-08-06T21:37:04Z" finished-at="2014-08-06T21:37:04Z">
          <reporter-output>
          </reporter-output>
        </test-method> <!-- testLogOut -->
        <test-method status="SKIP" signature="tearDown()[pri:0, instance:com.test.methods.TestMethod@16c0663d]" name="tearDown" is-config="true" duration-ms="0" started-at="2014-08-06T21:37:04Z" finished-at="2014-08-06T21:37:04Z">
          <reporter-output>
          </reporter-output>
        </test-method> <!-- tearDown -->
        <test-method status="SKIP" signature="setUp()[pri:0, instance:com.test.methods.TestMethod@16c0663d]" name="setUp" is-config="true" duration-ms="0" started-at="2014-08-06T21:37:04Z" finished-at="2014-08-06T21:37:04Z">
          <reporter-output>
          </reporter-output>
        </test-method> <!-- setUp -->
        <test-method status="SKIP" signature="testLogin_Functional(java.lang.String, java.lang.String, java.lang.String)[pri:0, instance:com.test.methods.TestMethod@16c0663d]" name="testLogin_Functional" duration-ms="1" started-at="2014-08-06T21:37:04Z" data-provider="myTest" finished-at="2014-08-06T21:37:04Z">
          <params>
            <param index="0">
              <value>
                <![CDATA[appadmin]]>
              </value>
            </param>
            <param index="1">
              <value>
                <![CDATA[Valmont#1]]>
              </value>
            </param>
            <param index="2">
              <value>
                <![CDATA[Yes]]>
              </value>
            </param>
          </params>
          <reporter-output>
          </reporter-output>
        </test-method> <!-- testLogin_Functional -->
        <test-method status="SKIP" signature="tearDown()[pri:0, instance:com.test.methods.TestMethod@16c0663d]" name="tearDown" is-config="true" duration-ms="0" started-at="2014-08-06T21:37:04Z" finished-at="2014-08-06T21:37:04Z">
          <reporter-output>
          </reporter-output>
        </test-method> <!-- tearDown -->
        <test-method status="SKIP" signature="testSelectFarms()[pri:0, instance:com.test.methods.TestMethod@16c0663d]" name="testSelectFarms" duration-ms="3" started-at="2014-08-06T21:37:04Z" finished-at="2014-08-06T21:37:04Z">
          <reporter-output>
          </reporter-output>
        </test-method> <!-- testSelectFarms -->
        <test-method status="SKIP" signature="setUp()[pri:0, instance:com.test.methods.TestMethod@16c0663d]" name="setUp" is-config="true" duration-ms="0" started-at="2014-08-06T21:37:04Z" finished-at="2014-08-06T21:37:04Z">
          <reporter-output>
          </reporter-output>
        </test-method> <!-- setUp -->
        <test-method status="SKIP" signature="tearDown()[pri:0, instance:com.test.methods.TestMethod@16c0663d]" name="tearDown" is-config="true" duration-ms="0" started-at="2014-08-06T21:37:04Z" finished-at="2014-08-06T21:37:04Z">
          <reporter-output>
          </reporter-output>
        </test-method> <!-- tearDown -->
        <test-method status="SKIP" signature="setUp()[pri:0, instance:com.test.methods.TestMethod@16c0663d]" name="setUp" is-config="true" duration-ms="0" started-at="2014-08-06T21:37:04Z" finished-at="2014-08-06T21:37:04Z">
          <reporter-output>
          </reporter-output>
        </test-method> <!-- setUp -->
        <test-method status="SKIP" signature="testSupplementaryStatus()[pri:0, instance:com.test.methods.TestMethod@16c0663d]" name="testSupplementaryStatus" duration-ms="1" started-at="2014-08-06T21:37:04Z" finished-at="2014-08-06T21:37:04Z">
          <reporter-output>
          </reporter-output>
        </test-method> <!-- testSupplementaryStatus -->
        <test-method status="SKIP" signature="tearDown()[pri:0, instance:com.test.methods.TestMethod@16c0663d]" name="tearDown" is-config="true" duration-ms="0" started-at="2014-08-06T21:37:04Z" finished-at="2014-08-06T21:37:04Z">
          <reporter-output>
          </reporter-output>
        </test-method> <!-- tearDown -->
      </class> <!-- com.test.methods.TestMethod -->
    </test> <!-- Default test -->
  </suite> <!-- Default suite -->
</testng-results>
